2021-04-21 11:42:37 INFO  Denovo:64 - Url is Opened
2021-04-21 11:42:37 INFO  Denovo:68 - Window is maximize
2021-04-21 11:42:37 INFO  Denovo:72 - Implicitwait is applied for 30sec
2021-04-21 11:42:38 INFO  Denovo:40 - usermanagepage title Passed
2021-04-21 11:47:38 INFO  Denovo:64 - Url is Opened
2021-04-21 11:47:38 INFO  Denovo:68 - Window is maximize
2021-04-21 11:47:38 INFO  Denovo:72 - Implicitwait is applied for 30sec
2021-04-21 11:48:15 INFO  Denovo:64 - Url is Opened
2021-04-21 11:48:15 INFO  Denovo:68 - Window is maximize
2021-04-21 11:48:15 INFO  Denovo:72 - Implicitwait is applied for 30sec
2021-04-21 11:48:16 INFO  Denovo:37 - Homepage title Passed
2021-04-21 11:54:10 INFO  Denovo:64 - Url is Opened
2021-04-21 11:54:10 INFO  Denovo:68 - Window is maximize
2021-04-21 11:54:10 INFO  Denovo:72 - Implicitwait is applied for 30sec
2021-04-21 11:54:15 INFO  Denovo:41 - usermanagepage title Passed
2021-04-21 11:56:14 INFO  Denovo:64 - Url is Opened
2021-04-21 11:56:14 INFO  Denovo:68 - Window is maximize
2021-04-21 11:56:15 INFO  Denovo:72 - Implicitwait is applied for 30sec
2021-04-21 11:56:22 INFO  Denovo:41 - usermanagepage title Passed
2021-04-21 11:58:03 INFO  Denovo:64 - Url is Opened
2021-04-21 11:58:26 INFO  Denovo:64 - Url is Opened
2021-04-21 11:58:26 INFO  Denovo:68 - Window is maximize
2021-04-21 11:58:26 INFO  Denovo:72 - Implicitwait is applied for 30sec
2021-04-21 11:58:31 INFO  Denovo:41 - usermanagepage title Passed
2021-04-21 11:59:25 INFO  Denovo:64 - Url is Opened
2021-04-21 11:59:25 INFO  Denovo:68 - Window is maximize
2021-04-21 11:59:25 INFO  Denovo:72 - Implicitwait is applied for 30sec
2021-04-21 11:59:26 INFO  Denovo:41 - usermanagepage title Passed
2021-04-21 12:01:00 INFO  Denovo:64 - Url is Opened
2021-04-21 12:01:01 INFO  Denovo:68 - Window is maximize
2021-04-21 12:01:01 INFO  Denovo:72 - Implicitwait is applied for 30sec
2021-04-21 12:01:06 INFO  Denovo:41 - usermanagepage title Passed
2021-04-21 12:05:48 INFO  Denovo:64 - Url is Opened
2021-04-21 12:05:48 INFO  Denovo:68 - Window is maximize
2021-04-21 12:05:48 INFO  Denovo:72 - Implicitwait is applied for 30sec
2021-04-21 12:05:52 INFO  Denovo:41 - usermanagepage title Passed
2021-04-21 13:10:53 INFO  Denovo:64 - Url is Opened
2021-04-21 13:10:53 INFO  Denovo:68 - Window is maximize
2021-04-21 13:10:53 INFO  Denovo:72 - Implicitwait is applied for 30sec
2021-04-21 13:10:58 INFO  Denovo:41 - usermanagepage title Passed
2021-04-21 13:22:47 INFO  Denovo:64 - Url is Opened
2021-04-21 13:22:47 INFO  Denovo:68 - Window is maximize
2021-04-21 13:22:47 INFO  Denovo:72 - Implicitwait is applied for 30sec
2021-04-21 13:23:39 INFO  Denovo:64 - Url is Opened
2021-04-21 13:23:39 INFO  Denovo:68 - Window is maximize
2021-04-21 13:23:39 INFO  Denovo:72 - Implicitwait is applied for 30sec
2021-04-21 13:23:52 INFO  Denovo:64 - Url is Opened
2021-04-21 13:23:52 INFO  Denovo:68 - Window is maximize
2021-04-21 13:23:52 INFO  Denovo:72 - Implicitwait is applied for 30sec
2021-04-21 13:23:58 INFO  Denovo:36 - Title element is found
2021-04-21 13:23:58 INFO  Denovo:33 - LoginPage title Passed
2021-04-21 13:23:58 INFO  Denovo:60 - Remembercheckbox is clicked
2021-04-21 13:23:58 INFO  Denovo:79 - Login Is passed
2021-04-21 13:23:58 INFO  Denovo:42 - usermanagepage title Passed
2021-04-21 13:26:04 INFO  Denovo:64 - Url is Opened
2021-04-21 13:26:04 INFO  Denovo:68 - Window is maximize
2021-04-21 13:26:04 INFO  Denovo:72 - Implicitwait is applied for 30sec
2021-04-21 13:26:09 INFO  Denovo:42 - usermanagepage title Passed
2021-04-21 13:28:13 INFO  Denovo:64 - Url is Opened
2021-04-21 13:28:14 INFO  Denovo:68 - Window is maximize
2021-04-21 13:28:14 INFO  Denovo:72 - Implicitwait is applied for 30sec
2021-04-21 13:28:30 INFO  Denovo:64 - Url is Opened
2021-04-21 13:28:30 INFO  Denovo:68 - Window is maximize
2021-04-21 13:28:30 INFO  Denovo:72 - Implicitwait is applied for 30sec
2021-04-21 13:28:34 INFO  Denovo:36 - Title element is found
2021-04-21 13:28:34 INFO  Denovo:33 - LoginPage title Passed
2021-04-21 13:28:35 INFO  Denovo:60 - Remembercheckbox is clicked
2021-04-21 13:28:35 INFO  Denovo:79 - Login Is passed
2021-04-21 13:28:35 INFO  Denovo:42 - usermanagepage title Passed
2021-04-21 13:29:08 INFO  Denovo:64 - Url is Opened
2021-04-21 13:29:08 INFO  Denovo:68 - Window is maximize
2021-04-21 13:29:08 INFO  Denovo:72 - Implicitwait is applied for 30sec
2021-04-21 13:29:17 INFO  Denovo:64 - Url is Opened
2021-04-21 13:29:17 INFO  Denovo:68 - Window is maximize
2021-04-21 13:29:17 INFO  Denovo:72 - Implicitwait is applied for 30sec
2021-04-21 13:29:22 INFO  Denovo:36 - Title element is found
2021-04-21 13:29:22 INFO  Denovo:33 - LoginPage title Passed
2021-04-21 13:29:22 INFO  Denovo:60 - Remembercheckbox is clicked
2021-04-21 13:29:23 INFO  Denovo:79 - Login Is passed
2021-04-21 13:29:23 INFO  Denovo:42 - usermanagepage title Passed
2021-04-21 13:33:31 INFO  Denovo:64 - Url is Opened
2021-04-21 13:33:31 INFO  Denovo:68 - Window is maximize
2021-04-21 13:33:31 INFO  Denovo:72 - Implicitwait is applied for 30sec
2021-04-21 13:33:36 INFO  Denovo:42 - usermanagepage title Passed
2021-04-21 14:50:02 INFO  Denovo:64 - Url is Opened
2021-04-21 14:50:02 INFO  Denovo:68 - Window is maximize
2021-04-21 14:50:02 INFO  Denovo:72 - Implicitwait is applied for 30sec
2021-04-21 14:50:11 INFO  Denovo:64 - Url is Opened
2021-04-21 14:50:11 INFO  Denovo:68 - Window is maximize
2021-04-21 14:50:11 INFO  Denovo:72 - Implicitwait is applied for 30sec
2021-04-21 14:50:16 INFO  Denovo:36 - Title element is found
2021-04-21 14:50:16 INFO  Denovo:33 - LoginPage title Passed
2021-04-21 14:50:16 INFO  Denovo:60 - Remembercheckbox is clicked
2021-04-21 14:50:16 INFO  Denovo:79 - Login Is passed
2021-04-21 14:50:16 INFO  Denovo:42 - usermanagepage title Passed
2021-04-21 14:52:34 INFO  Denovo:64 - Url is Opened
2021-04-21 14:52:35 INFO  Denovo:68 - Window is maximize
2021-04-21 14:52:35 INFO  Denovo:72 - Implicitwait is applied for 30sec
2021-04-21 14:52:40 INFO  Denovo:42 - usermanagepage title Passed
2021-04-21 14:55:32 INFO  Denovo:64 - Url is Opened
2021-04-21 14:55:32 INFO  Denovo:68 - Window is maximize
2021-04-21 14:55:32 INFO  Denovo:72 - Implicitwait is applied for 30sec
2021-04-21 14:55:42 INFO  Denovo:64 - Url is Opened
2021-04-21 14:55:42 INFO  Denovo:68 - Window is maximize
2021-04-21 14:55:42 INFO  Denovo:72 - Implicitwait is applied for 30sec
2021-04-21 14:55:47 INFO  Denovo:36 - Title element is found
2021-04-21 14:55:47 INFO  Denovo:33 - LoginPage title Passed
2021-04-21 14:55:47 INFO  Denovo:60 - Remembercheckbox is clicked
2021-04-21 14:55:47 INFO  Denovo:79 - Login Is passed
2021-04-21 14:55:47 INFO  Denovo:42 - usermanagepage title Passed
2021-04-21 14:58:31 INFO  Denovo:64 - Url is Opened
2021-04-21 14:58:31 INFO  Denovo:68 - Window is maximize
2021-04-21 14:58:31 INFO  Denovo:72 - Implicitwait is applied for 30sec
2021-04-21 14:58:41 INFO  Denovo:64 - Url is Opened
2021-04-21 14:58:41 INFO  Denovo:68 - Window is maximize
2021-04-21 14:58:41 INFO  Denovo:72 - Implicitwait is applied for 30sec
2021-04-21 14:58:45 INFO  Denovo:36 - Title element is found
2021-04-21 14:58:45 INFO  Denovo:33 - LoginPage title Passed
2021-04-21 14:58:46 INFO  Denovo:60 - Remembercheckbox is clicked
2021-04-21 14:58:46 INFO  Denovo:79 - Login Is passed
2021-04-21 14:58:46 INFO  Denovo:42 - usermanagepage title Passed
2021-04-21 14:59:43 INFO  Denovo:64 - Url is Opened
2021-04-21 14:59:43 INFO  Denovo:68 - Window is maximize
2021-04-21 14:59:43 INFO  Denovo:72 - Implicitwait is applied for 30sec
2021-04-21 14:59:53 INFO  Denovo:64 - Url is Opened
2021-04-21 14:59:53 INFO  Denovo:68 - Window is maximize
2021-04-21 14:59:53 INFO  Denovo:72 - Implicitwait is applied for 30sec
2021-04-21 14:59:57 INFO  Denovo:36 - Title element is found
2021-04-21 14:59:57 INFO  Denovo:33 - LoginPage title Passed
2021-04-21 14:59:58 INFO  Denovo:60 - Remembercheckbox is clicked
2021-04-21 14:59:58 INFO  Denovo:79 - Login Is passed
2021-04-21 14:59:58 INFO  Denovo:42 - usermanagepage title Passed
2021-04-21 15:11:41 INFO  Denovo:64 - Url is Opened
2021-04-21 15:11:41 INFO  Denovo:68 - Window is maximize
2021-04-21 15:11:42 INFO  Denovo:72 - Implicitwait is applied for 30sec
2021-04-21 15:11:53 INFO  Denovo:64 - Url is Opened
2021-04-21 15:11:53 INFO  Denovo:68 - Window is maximize
2021-04-21 15:11:53 INFO  Denovo:72 - Implicitwait is applied for 30sec
2021-04-21 15:11:58 INFO  Denovo:36 - Title element is found
2021-04-21 15:11:58 INFO  Denovo:33 - LoginPage title Passed
2021-04-21 15:11:58 INFO  Denovo:60 - Remembercheckbox is clicked
2021-04-21 15:11:58 INFO  Denovo:79 - Login Is passed
2021-04-21 15:11:58 INFO  Denovo:44 - usermanagepage title Passed
2021-04-21 16:04:34 INFO  Denovo:64 - Url is Opened
2021-04-21 16:04:34 INFO  Denovo:68 - Window is maximize
2021-04-21 16:04:34 INFO  Denovo:72 - Implicitwait is applied for 30sec
2021-04-21 16:04:46 INFO  Denovo:64 - Url is Opened
2021-04-21 16:04:46 INFO  Denovo:68 - Window is maximize
2021-04-21 16:04:46 INFO  Denovo:72 - Implicitwait is applied for 30sec
2021-04-21 16:04:51 INFO  Denovo:36 - Title element is found
2021-04-21 16:04:51 INFO  Denovo:33 - LoginPage title Passed
2021-04-21 16:04:52 INFO  Denovo:60 - Remembercheckbox is clicked
2021-04-21 16:04:52 INFO  Denovo:79 - Login Is passed
2021-04-21 16:04:52 INFO  Denovo:44 - usermanagepage title Passed
2021-04-21 17:04:56 INFO  Denovo:64 - Url is Opened
2021-04-21 17:04:57 INFO  Denovo:68 - Window is maximize
2021-04-21 17:04:57 INFO  Denovo:72 - Implicitwait is applied for 30sec
2021-04-21 17:05:02 INFO  Denovo:44 - usermanagepage title Passed
2021-04-25 15:32:02 INFO  Denovo:64 - Url is Opened
2021-04-25 15:32:02 INFO  Denovo:68 - Window is maximize
2021-04-25 15:32:02 INFO  Denovo:72 - Implicitwait is applied for 30sec
2021-04-25 15:32:02 INFO  Denovo:40 - Title element is found
2021-04-25 15:32:02 INFO  Denovo:39 - LoginPage title failed
2021-04-25 15:32:03 INFO  Denovo:61 - Remembercheckbox is clicked
2021-04-25 15:32:04 INFO  Denovo:81 - Login Is passed
2021-04-25 15:34:07 INFO  Denovo:64 - Url is Opened
2021-04-25 15:34:07 INFO  Denovo:68 - Window is maximize
2021-04-25 15:34:07 INFO  Denovo:72 - Implicitwait is applied for 30sec
2021-04-25 15:34:07 INFO  Denovo:40 - Title element is found
2021-04-25 15:34:07 INFO  Denovo:39 - LoginPage title failed
2021-04-25 15:34:08 INFO  Denovo:61 - Remembercheckbox is clicked
2021-04-25 15:34:09 INFO  Denovo:81 - Login Is passed
2021-04-25 15:46:42 INFO  Denovo:64 - Url is Opened
2021-04-25 15:46:42 INFO  Denovo:68 - Window is maximize
2021-04-25 15:46:42 INFO  Denovo:72 - Implicitwait is applied for 30sec
2021-04-25 15:46:42 INFO  Denovo:40 - Title element is found
2021-04-25 15:46:42 INFO  Denovo:39 - LoginPage title failed
2021-04-25 15:46:42 INFO  Denovo:60 - Remembercheckbox is clicked
2021-04-25 15:46:44 INFO  Denovo:80 - Login Is passed
2021-04-25 15:46:45 INFO  Denovo:80 - Login Is passed
2021-04-25 15:46:45 INFO  Denovo:80 - Login Is passed
2021-04-25 15:46:46 INFO  Denovo:80 - Login Is passed
2021-04-25 15:46:46 INFO  Denovo:80 - Login Is passed
2021-04-25 15:48:51 INFO  Denovo:64 - Url is Opened
2021-04-25 15:48:51 INFO  Denovo:68 - Window is maximize
2021-04-25 15:48:51 INFO  Denovo:72 - Implicitwait is applied for 30sec
2021-04-25 15:48:51 INFO  Denovo:40 - Title element is found
2021-04-25 15:48:51 INFO  Denovo:39 - LoginPage title failed
2021-04-25 15:48:52 INFO  Denovo:60 - Remembercheckbox is clicked
2021-04-25 15:48:54 INFO  Denovo:80 - Login Is passed
2021-04-25 15:48:55 INFO  Denovo:80 - Login Is passed
2021-04-25 15:48:55 INFO  Denovo:80 - Login Is passed
2021-04-25 15:48:56 INFO  Denovo:80 - Login Is passed
2021-04-25 15:50:07 INFO  Denovo:64 - Url is Opened
2021-04-25 15:50:08 INFO  Denovo:68 - Window is maximize
2021-04-25 15:50:08 INFO  Denovo:72 - Implicitwait is applied for 30sec
2021-04-25 15:50:08 INFO  Denovo:40 - Title element is found
2021-04-25 15:50:08 INFO  Denovo:39 - LoginPage title failed
2021-04-25 15:50:08 INFO  Denovo:60 - Remembercheckbox is clicked
2021-04-25 15:50:10 INFO  Denovo:80 - Login Is passed
2021-04-25 15:50:10 INFO  Denovo:80 - Login Is passed
2021-04-25 15:50:11 INFO  Denovo:80 - Login Is passed
2021-04-25 15:50:11 INFO  Denovo:80 - Login Is passed
2021-04-25 15:54:02 INFO  Denovo:64 - Url is Opened
2021-04-25 15:54:02 INFO  Denovo:68 - Window is maximize
2021-04-25 15:54:02 INFO  Denovo:72 - Implicitwait is applied for 30sec
2021-04-25 15:54:02 INFO  Denovo:40 - Title element is found
2021-04-25 15:54:03 INFO  Denovo:34 - LoginPage title Passed
2021-04-25 15:57:53 INFO  Denovo:64 - Url is Opened
2021-04-25 15:57:53 INFO  Denovo:68 - Window is maximize
2021-04-25 15:57:53 INFO  Denovo:72 - Implicitwait is applied for 30sec
2021-04-25 15:57:53 INFO  Denovo:40 - Title element is found
2021-04-25 15:57:53 INFO  Denovo:34 - LoginPage title Passed
2021-04-25 15:57:54 INFO  Denovo:60 - Remembercheckbox is clicked
2021-04-25 15:57:56 INFO  Denovo:80 - Login Is passed
2021-04-25 15:57:56 INFO  Denovo:80 - Login Is passed
2021-04-25 15:57:57 INFO  Denovo:80 - Login Is passed
2021-04-25 15:57:57 INFO  Denovo:80 - Login Is passed
2021-04-25 16:26:26 INFO  Denovo:64 - Url is Opened
2021-04-25 16:26:26 INFO  Denovo:68 - Window is maximize
2021-04-25 16:26:26 INFO  Denovo:72 - Implicitwait is applied for 30sec
2021-04-25 16:26:29 INFO  Denovo:51 - usermanagepage title failed
2021-04-25 16:29:13 INFO  Denovo:64 - Url is Opened
2021-04-25 16:29:13 INFO  Denovo:68 - Window is maximize
2021-04-25 16:29:13 INFO  Denovo:72 - Implicitwait is applied for 30sec
2021-04-25 16:29:22 INFO  Denovo:64 - Url is Opened
2021-04-25 16:29:22 INFO  Denovo:68 - Window is maximize
2021-04-25 16:29:22 INFO  Denovo:72 - Implicitwait is applied for 30sec
2021-04-25 16:29:27 INFO  Denovo:40 - Title element is found
2021-04-25 16:29:27 INFO  Denovo:31 - LoginPage title Passed
2021-04-25 16:29:27 INFO  Denovo:57 - Remembercheckbox is clicked
2021-04-25 16:29:32 INFO  Denovo:78 - Login Is passed
2021-04-25 16:29:33 INFO  Denovo:78 - Login Is passed
2021-04-25 16:29:33 INFO  Denovo:78 - Login Is passed
2021-04-25 16:29:34 INFO  Denovo:78 - Login Is passed
2021-04-25 16:29:34 INFO  Denovo:50 - usermanagepage title failed
2021-04-25 16:35:44 INFO  Denovo:64 - Url is Opened
2021-04-25 16:35:44 INFO  Denovo:68 - Window is maximize
2021-04-25 16:35:44 INFO  Denovo:72 - Implicitwait is applied for 30sec
2021-04-25 16:36:07 INFO  Denovo:64 - Url is Opened
2021-04-25 16:36:07 INFO  Denovo:68 - Window is maximize
2021-04-25 16:36:07 INFO  Denovo:72 - Implicitwait is applied for 30sec
2021-04-25 16:36:30 INFO  Denovo:64 - Url is Opened
2021-04-25 16:36:30 INFO  Denovo:68 - Window is maximize
2021-04-25 16:36:30 INFO  Denovo:72 - Implicitwait is applied for 30sec
2021-04-25 16:36:33 INFO  Denovo:40 - Title element is found
2021-04-25 16:36:33 INFO  Denovo:31 - LoginPage title Passed
2021-04-25 16:36:34 INFO  Denovo:57 - Remembercheckbox is clicked
2021-04-25 16:36:37 INFO  Denovo:78 - Login Is passed
2021-04-25 16:36:38 INFO  Denovo:78 - Login Is passed
2021-04-25 16:36:38 INFO  Denovo:78 - Login Is passed
2021-04-25 16:36:39 INFO  Denovo:78 - Login Is passed
2021-04-25 16:36:39 INFO  Denovo:38 - Homepage title Passed
2021-04-25 16:36:39 INFO  Denovo:45 - usermanagepage title Passed
2021-04-26 10:13:45 INFO  Denovo:64 - Url is Opened
2021-04-26 10:13:45 INFO  Denovo:68 - Window is maximize
2021-04-26 10:13:45 INFO  Denovo:72 - Implicitwait is applied for 30sec
2021-04-26 10:14:07 INFO  Denovo:64 - Url is Opened
2021-04-26 10:14:07 INFO  Denovo:68 - Window is maximize
2021-04-26 10:14:07 INFO  Denovo:72 - Implicitwait is applied for 30sec
2021-04-26 10:14:57 INFO  Denovo:64 - Url is Opened
2021-04-26 10:14:57 INFO  Denovo:68 - Window is maximize
2021-04-26 10:14:57 INFO  Denovo:72 - Implicitwait is applied for 30sec
2021-04-26 10:17:38 INFO  Denovo:64 - Url is Opened
2021-04-26 10:17:38 INFO  Denovo:68 - Window is maximize
2021-04-26 10:17:38 INFO  Denovo:72 - Implicitwait is applied for 30sec
2021-04-26 10:17:39 INFO  Denovo:46 - Title element is found
2021-04-26 10:17:39 INFO  Denovo:31 - LoginPage title Passed
2021-04-26 10:17:39 INFO  Denovo:57 - Remembercheckbox is clicked
2021-04-26 10:17:40 INFO  Denovo:78 - Login Is passed
2021-04-26 10:17:40 INFO  Denovo:78 - Login Is passed
2021-04-26 10:17:40 INFO  Denovo:78 - Login Is passed
2021-04-26 10:17:40 INFO  Denovo:78 - Login Is passed
2021-04-26 10:31:01 INFO  Denovo:64 - Url is Opened
2021-04-26 10:31:01 INFO  Denovo:68 - Window is maximize
2021-04-26 10:31:01 INFO  Denovo:72 - Implicitwait is applied for 30sec
2021-04-26 10:31:01 INFO  Denovo:46 - Title element is found
2021-04-26 10:31:01 INFO  Denovo:32 - LoginPage title Passed
2021-04-26 10:31:01 INFO  Denovo:58 - Remembercheckbox is clicked
2021-04-26 10:31:02 INFO  Denovo:79 - Login Is passed
2021-04-26 10:31:02 INFO  Denovo:79 - Login Is passed
2021-04-26 10:31:02 INFO  Denovo:79 - Login Is passed
2021-04-26 10:31:03 INFO  Denovo:79 - Login Is passed
2021-04-26 12:54:57 INFO  Denovo:64 - Url is Opened
2021-04-26 12:54:57 INFO  Denovo:68 - Window is maximize
2021-04-26 12:54:57 INFO  Denovo:72 - Implicitwait is applied for 30sec
2021-04-26 12:54:58 INFO  Denovo:46 - Title element is found
2021-04-26 12:54:58 INFO  Denovo:32 - LoginPage title Passed
2021-04-26 12:54:58 INFO  Denovo:58 - Remembercheckbox is clicked
2021-04-26 12:55:01 INFO  Denovo:79 - Login Is passed
2021-04-26 12:55:01 INFO  Denovo:79 - Login Is passed
2021-04-26 12:55:01 INFO  Denovo:79 - Login Is passed
2021-04-26 12:55:02 INFO  Denovo:79 - Login Is passed
